<?xml version="1.0" encoding="UTF-8"?>
<!-- Generated by org.testng.reporters.JUnitXMLReporter -->
<testsuite ignored="0" hostname="DESKTOP-NJTL6O3" failures="0" tests="8" name="Test" time="38.245" errors="0" timestamp="2021-02-18T16:39:10 IST">
  <testcase classname="test.java.MarComAPI.EditClient" name="Clientlist" time="6.187"/>
  <testcase classname="test.java.MarComAPI.ViewProjectTask" name="ViewTaskDetail" time="4.601"/>
  <testcase classname="test.java.MarComAPI.ClientContactPerson" name="ClientContactPersonDetail" time="4.528"/>
  <testcase classname="test.java.MarComAPI.AllProjectList" name="projectList" time="4.934"/>
  <testcase classname="test.java.MarComAPI.ClientList" name="Clientlist" time="4.462"/>
  <testcase classname="test.java.MarComAPI.UserList" name="AllUserList" time="4.551"/>
  <testcase classname="test.java.MarComAPI.MyTaskList" name="TaskList" time="4.44"/>
  <testcase classname="test.java.MarComAPI.UserProfile" name="UserProfileDetails" time="4.514"/>
</testsuite> <!-- Test -->
