<?xml version="1.0" encoding="UTF-8"?>
<testng-results ignored="0" total="8" passed="8" failed="0" skipped="0">
  <reporter-output>
  </reporter-output>
  <suite started-at="2021-02-18T16:38:31 IST" name="Suite" finished-at="2021-02-18T16:39:10 IST" duration-ms="38245">
    <groups>
    </groups>
    <test started-at="2021-02-18T16:38:31 IST" name="Test" finished-at="2021-02-18T16:39:10 IST" duration-ms="38245">
      <class name="test.java.MarComAPI.UserProfile">
        <test-method signature="UserProfileDetails()[pri:2, instance:test.java.MarComAPI.UserProfile@3c46e67a]" started-at="2021-02-18T16:39:05 IST" name="UserProfileDetails" finished-at="2021-02-18T16:39:10 IST" duration-ms="4514" status="PASS">
          <reporter-output>
          </reporter-output>
        </test-method> <!-- UserProfileDetails -->
      </class> <!-- test.java.MarComAPI.UserProfile -->
      <class name="test.java.MarComAPI.MyTaskList">
        <test-method signature="TaskList()[pri:0, instance:test.java.MarComAPI.MyTaskList@6c6cb480]" started-at="2021-02-18T16:39:01 IST" name="TaskList" finished-at="2021-02-18T16:39:05 IST" duration-ms="4440" status="PASS">
          <reporter-output>
          </reporter-output>
        </test-method> <!-- TaskList -->
      </class> <!-- test.java.MarComAPI.MyTaskList -->
      <class name="test.java.MarComAPI.ViewProjectTask">
        <test-method signature="ViewTaskDetail()[pri:0, instance:test.java.MarComAPI.ViewProjectTask@1d296da]" started-at="2021-02-18T16:38:38 IST" name="ViewTaskDetail" finished-at="2021-02-18T16:38:42 IST" duration-ms="4601" status="PASS">
          <reporter-output>
          </reporter-output>
        </test-method> <!-- ViewTaskDetail -->
      </class> <!-- test.java.MarComAPI.ViewProjectTask -->
      <class name="test.java.MarComAPI.AllProjectList">
        <test-method signature="projectList()[pri:0, instance:test.java.MarComAPI.AllProjectList@75d4a5c2]" started-at="2021-02-18T16:38:47 IST" name="projectList" finished-at="2021-02-18T16:38:52 IST" duration-ms="4934" status="PASS">
          <reporter-output>
          </reporter-output>
        </test-method> <!-- projectList -->
      </class> <!-- test.java.MarComAPI.AllProjectList -->
      <class name="test.java.MarComAPI.ClientContactPerson">
        <test-method signature="ClientContactPersonDetail()[pri:0, instance:test.java.MarComAPI.ClientContactPerson@7c7a06ec]" started-at="2021-02-18T16:38:42 IST" name="ClientContactPersonDetail" finished-at="2021-02-18T16:38:47 IST" duration-ms="4528" status="PASS">
          <reporter-output>
          </reporter-output>
        </test-method> <!-- ClientContactPersonDetail -->
      </class> <!-- test.java.MarComAPI.ClientContactPerson -->
      <class name="test.java.MarComAPI.ClientList">
        <test-method signature="Clientlist()[pri:0, instance:test.java.MarComAPI.ClientList@557caf28]" started-at="2021-02-18T16:38:52 IST" name="Clientlist" finished-at="2021-02-18T16:38:56 IST" duration-ms="4462" status="PASS">
          <reporter-output>
          </reporter-output>
        </test-method> <!-- Clientlist -->
      </class> <!-- test.java.MarComAPI.ClientList -->
      <class name="test.java.MarComAPI.UserList">
        <test-method signature="AllUserList()[pri:0, instance:test.java.MarComAPI.UserList@408d971b]" started-at="2021-02-18T16:38:56 IST" name="AllUserList" finished-at="2021-02-18T16:39:01 IST" duration-ms="4551" status="PASS">
          <reporter-output>
          </reporter-output>
        </test-method> <!-- AllUserList -->
      </class> <!-- test.java.MarComAPI.UserList -->
      <class name="test.java.MarComAPI.EditClient">
        <test-method signature="Clientlist()[pri:0, instance:test.java.MarComAPI.EditClient@776aec5c]" started-at="2021-02-18T16:38:31 IST" name="Clientlist" finished-at="2021-02-18T16:38:38 IST" duration-ms="6187" status="PASS">
          <reporter-output>
          </reporter-output>
        </test-method> <!-- Clientlist -->
      </class> <!-- test.java.MarComAPI.EditClient -->
    </test> <!-- Test -->
  </suite> <!-- Suite -->
</testng-results>
